# JRE version: Java(TM) SE Runtime Environment (8.0_74-b02) (build 1.8.0_74-b02)
# Java VM: Java HotSpot(TM) 64-Bit Server VM (25.74-b02 mixed mode windows-amd64 compressed oops)
Heap:
 PSYoungGen      total 335872K, used 171570K [0x000000076af00000, 0x0000000781600000, 0x00000007c0000000)
  eden space 318976K, 53% used [0x000000076af00000,0x000000077568c8d8,0x000000077e680000)
  from space 16896K, 0% used [0x0000000780580000,0x0000000780580000,0x0000000781600000)
  to   space 20992K, 0% used [0x000000077ed00000,0x000000077ed00000,0x0000000780180000)
 ParOldGen       total 164864K, used 26297K [0x00000006c0c00000, 0x00000006cad00000, 0x000000076af00000)
  object space 164864K, 15% used [0x00000006c0c00000,0x00000006c25ae500,0x00000006cad00000)
 Metaspace       used 57481K, capacity 59504K, committed 59776K, reserved 1101824K
  class space    used 7392K, capacity 7779K, committed 7808K, reserved 1048576K
GC Heap History (10 events):
Event: 4.431 GC heap before
{Heap before GC invocations=7 (full 1):
 PSYoungGen      total 136704K, used 28246K [0x000000076af00000, 0x0000000778980000, 0x00000007c0000000)
  eden space 125952K, 13% used [0x000000076af00000,0x000000076c0185c0,0x0000000772a00000)
  from space 10752K, 99% used [0x0000000772a00000,0x000000077347d388,0x0000000773480000)
  to   space 12288K, 0% used [0x0000000777d80000,0x0000000777d80000,0x0000000778980000)
 ParOldGen       total 90624K, used 8316K [0x00000006c0c00000, 0x00000006c6480000, 0x000000076af00000)
  object space 90624K, 9% used [0x00000006c0c00000,0x00000006c141f0b8,0x00000006c6480000)
 Metaspace       used 33991K, capacity 35196K, committed 35416K, reserved 1081344K
  class space    used 4221K, capacity 4509K, committed 4608K, reserved 1048576K
Event: 4.445 GC heap after
Heap after GC invocations=7 (full 1):
 PSYoungGen      total 211456K, used 8851K [0x000000076af00000, 0x0000000779d80000, 0x00000007c0000000)
  eden space 199168K, 0% used [0x000000076af00000,0x000000076af00000,0x0000000777180000)
  from space 12288K, 72% used [0x0000000777d80000,0x0000000778624fe8,0x0000000778980000)
  to   space 12288K, 0% used [0x0000000777180000,0x0000000777180000,0x0000000777d80000)
 ParOldGen       total 90624K, used 8324K [0x00000006c0c00000, 0x00000006c6480000, 0x000000076af00000)
  object space 90624K, 9% used [0x00000006c0c00000,0x00000006c14210b8,0x00000006c6480000)
 Metaspace       used 33991K, capacity 35196K, committed 35416K, reserved 1081344K
  class space    used 4221K, capacity 4509K, committed 4608K, reserved 1048576K
}
Event: 4.445 GC heap before
{Heap before GC invocations=8 (full 2):
 PSYoungGen      total 211456K, used 8851K [0x000000076af00000, 0x0000000779d80000, 0x00000007c0000000)
  eden space 199168K, 0% used [0x000000076af00000,0x000000076af00000,0x0000000777180000)
  from space 12288K, 72% used [0x0000000777d80000,0x0000000778624fe8,0x0000000778980000)
  to   space 12288K, 0% used [0x0000000777180000,0x0000000777180000,0x0000000777d80000)
 ParOldGen       total 90624K, used 8324K [0x00000006c0c00000, 0x00000006c6480000, 0x000000076af00000)
  object space 90624K, 9% used [0x00000006c0c00000,0x00000006c14210b8,0x00000006c6480000)
 Metaspace       used 33991K, capacity 35196K, committed 35416K, reserved 1081344K
  class space    used 4221K, capacity 4509K, committed 4608K, reserved 1048576K
Event: 4.487 GC heap after
Heap after GC invocations=8 (full 2):
 PSYoungGen      total 211456K, used 0K [0x000000076af00000, 0x0000000779d80000, 0x00000007c0000000)
  eden space 199168K, 0% used [0x000000076af00000,0x000000076af00000,0x0000000777180000)
  from space 12288K, 0% used [0x0000000777d80000,0x0000000777d80000,0x0000000778980000)
  to   space 12288K, 0% used [0x0000000777180000,0x0000000777180000,0x0000000777d80000)
 ParOldGen       total 124928K, used 12984K [0x00000006c0c00000, 0x00000006c8600000, 0x000000076af00000)
  object space 124928K, 10% used [0x00000006c0c00000,0x00000006c18ae1e0,0x00000006c8600000)
 Metaspace       used 33991K, capacity 35196K, committed 35416K, reserved 1081344K
  class space    used 4221K, capacity 4509K, committed 4608K, reserved 1048576K
}
Event: 8.316 GC heap before
{Heap before GC invocations=9 (full 2):
 PSYoungGen      total 211456K, used 199168K [0x000000076af00000, 0x0000000779d80000, 0x00000007c0000000)
  eden space 199168K, 100% used [0x000000076af00000,0x0000000777180000,0x0000000777180000)
  from space 12288K, 0% used [0x0000000777d80000,0x0000000777d80000,0x0000000778980000)
  to   space 12288K, 0% used [0x0000000777180000,0x0000000777180000,0x0000000777d80000)
 ParOldGen       total 124928K, used 12984K [0x00000006c0c00000, 0x00000006c8600000, 0x000000076af00000)
  object space 124928K, 10% used [0x00000006c0c00000,0x00000006c18ae1e0,0x00000006c8600000)
 Metaspace       used 52016K, capacity 53828K, committed 54016K, reserved 1095680K
  class space    used 6716K, capacity 7093K, committed 7168K, reserved 1048576K
Event: 8.420 GC heap after
Heap after GC invocations=9 (full 2):
 PSYoungGen      total 211456K, used 12263K [0x000000076af00000, 0x0000000781800000, 0x00000007c0000000)
  eden space 199168K, 0% used [0x000000076af00000,0x000000076af00000,0x0000000777180000)
  from space 12288K, 99% used [0x0000000777180000,0x0000000777d79cd8,0x0000000777d80000)
  to   space 18944K, 0% used [0x0000000780580000,0x0000000780580000,0x0000000781800000)
 ParOldGen       total 124928K, used 23525K [0x00000006c0c00000, 0x00000006c8600000, 0x000000076af00000)
  object space 124928K, 18% used [0x00000006c0c00000,0x00000006c22f9430,0x00000006c8600000)
 Metaspace       used 52016K, capacity 53828K, committed 54016K, reserved 1095680K
  class space    used 6716K, capacity 7093K, committed 7168K, reserved 1048576K
}
Event: 111.324 GC heap before
{Heap before GC invocations=10 (full 2):
 PSYoungGen      total 211456K, used 106589K [0x000000076af00000, 0x0000000781800000, 0x00000007c0000000)
  eden space 199168K, 47% used [0x000000076af00000,0x0000000770b1d8d8,0x0000000777180000)
  from space 12288K, 99% used [0x0000000777180000,0x0000000777d79cd8,0x0000000777d80000)
  to   space 18944K, 0% used [0x0000000780580000,0x0000000780580000,0x0000000781800000)
 ParOldGen       total 124928K, used 23525K [0x00000006c0c00000, 0x00000006c8600000, 0x000000076af00000)
  object space 124928K, 18% used [0x00000006c0c00000,0x00000006c22f9430,0x00000006c8600000)
 Metaspace       used 56841K, capacity 58876K, committed 59008K, reserved 1099776K
  class space    used 7347K, capacity 7733K, committed 7808K, reserved 1048576K
Event: 111.339 GC heap after
Heap after GC invocations=10 (full 2):
 PSYoungGen      total 335872K, used 16522K [0x000000076af00000, 0x0000000781600000, 0x00000007c0000000)
  eden space 318976K, 0% used [0x000000076af00000,0x000000076af00000,0x000000077e680000)
  from space 16896K, 97% used [0x0000000780580000,0x00000007815a2ba0,0x0000000781600000)
  to   space 20992K, 0% used [0x000000077ed00000,0x000000077ed00000,0x0000000780180000)
 ParOldGen       total 124928K, used 23533K [0x00000006c0c00000, 0x00000006c8600000, 0x000000076af00000)
  object space 124928K, 18% used [0x00000006c0c00000,0x00000006c22fb430,0x00000006c8600000)
 Metaspace       used 56841K, capacity 58876K, committed 59008K, reserved 1099776K
  class space    used 7347K, capacity 7733K, committed 7808K, reserved 1048576K
}
Event: 111.339 GC heap before
{Heap before GC invocations=11 (full 3):
 PSYoungGen      total 335872K, used 16522K [0x000000076af00000, 0x0000000781600000, 0x00000007c0000000)
  eden space 318976K, 0% used [0x000000076af00000,0x000000076af00000,0x000000077e680000)
  from space 16896K, 97% used [0x0000000780580000,0x00000007815a2ba0,0x0000000781600000)
  to   space 20992K, 0% used [0x000000077ed00000,0x000000077ed00000,0x0000000780180000)
 ParOldGen       total 124928K, used 23533K [0x00000006c0c00000, 0x00000006c8600000, 0x000000076af00000)
  object space 124928K, 18% used [0x00000006c0c00000,0x00000006c22fb430,0x00000006c8600000)
 Metaspace       used 56841K, capacity 58876K, committed 59008K, reserved 1099776K
  class space    used 7347K, capacity 7733K, committed 7808K, reserved 1048576K
Event: 111.475 GC heap after
Heap after GC invocations=11 (full 3):
 PSYoungGen      total 335872K, used 0K [0x000000076af00000, 0x0000000781600000, 0x00000007c0000000)
  eden space 318976K, 0% used [0x000000076af00000,0x000000076af00000,0x000000077e680000)
  from space 16896K, 0% used [0x0000000780580000,0x0000000780580000,0x0000000781600000)
  to   space 20992K, 0% used [0x000000077ed00000,0x000000077ed00000,0x0000000780180000)
 ParOldGen       total 164864K, used 26297K [0x00000006c0c00000, 0x00000006cad00000, 0x000000076af00000)
  object space 164864K, 15% used [0x00000006c0c00000,0x00000006c25ae500,0x00000006cad00000)
 Metaspace       used 56833K, capacity 58864K, committed 59008K, reserved 1099776K
  class space    used 7346K, capacity 7731K, committed 7808K, reserved 1048576K
}

